running egg_info
creating ../../build/farm_comm/farm_comm.egg-info
writing ../../build/farm_comm/farm_comm.egg-info/PKG-INFO
writing dependency_links to ../../build/farm_comm/farm_comm.egg-info/dependency_links.txt
writing entry points to ../../build/farm_comm/farm_comm.egg-info/entry_points.txt
writing requirements to ../../build/farm_comm/farm_comm.egg-info/requires.txt
writing top-level names to ../../build/farm_comm/farm_comm.egg-info/top_level.txt
writing manifest file '../../build/farm_comm/farm_comm.egg-info/SOURCES.txt'
reading manifest file '../../build/farm_comm/farm_comm.egg-info/SOURCES.txt'
writing manifest file '../../build/farm_comm/farm_comm.egg-info/SOURCES.txt'
running build
running build_py
creating /home/foxy/krishicobot_ws/build/farm_comm/build
creating /home/foxy/krishicobot_ws/build/farm_comm/build/lib
creating /home/foxy/krishicobot_ws/build/farm_comm/build/lib/farm_comm
copying farm_comm/comm_node.py -> /home/foxy/krishicobot_ws/build/farm_comm/build/lib/farm_comm
copying farm_comm/__init__.py -> /home/foxy/krishicobot_ws/build/farm_comm/build/lib/farm_comm
running install
running install_lib
creating /home/foxy/krishicobot_ws/install/farm_comm/lib/python3.10/site-packages/farm_comm
copying /home/foxy/krishicobot_ws/build/farm_comm/build/lib/farm_comm/comm_node.py -> /home/foxy/krishicobot_ws/install/farm_comm/lib/python3.10/site-packages/farm_comm
copying /home/foxy/krishicobot_ws/build/farm_comm/build/lib/farm_comm/__init__.py -> /home/foxy/krishicobot_ws/install/farm_comm/lib/python3.10/site-packages/farm_comm
byte-compiling /home/foxy/krishicobot_ws/install/farm_comm/lib/python3.10/site-packages/farm_comm/comm_node.py to comm_node.cpython-310.pyc
byte-compiling /home/foxy/krishicobot_ws/install/farm_comm/lib/python3.10/site-packages/farm_comm/__init__.py to __init__.cpython-310.pyc
running install_data
creating /home/foxy/krishicobot_ws/install/farm_comm/share/ament_index
creating /home/foxy/krishicobot_ws/install/farm_comm/share/ament_index/resource_index
creating /home/foxy/krishicobot_ws/install/farm_comm/share/ament_index/resource_index/packages
copying resource/farm_comm -> /home/foxy/krishicobot_ws/install/farm_comm/share/ament_index/resource_index/packages
copying package.xml -> /home/foxy/krishicobot_ws/install/farm_comm/share/farm_comm
running install_egg_info
Copying ../../build/farm_comm/farm_comm.egg-info to /home/foxy/krishicobot_ws/install/farm_comm/lib/python3.10/site-packages/farm_comm-0.0.0-py3.10.egg-info
running install_scripts
Installing comm_node script to /home/foxy/krishicobot_ws/install/farm_comm/lib/farm_comm
writing list of installed files to '/home/foxy/krishicobot_ws/build/farm_comm/install.log'
