[0.730s] Invoking command in '/home/foxy/krishicobot_ws/src/ur5_control': PYTHONPATH=/home/foxy/krishicobot_ws/build/ur5_control/prefix_override:/usr/lib/python3/dist-packages/colcon_core/task/python/colcon_distutils_commands:/home/foxy/krishicobot_ws/install/ur5_control/lib/python3.10/site-packages:${PYTHONPATH} /usr/bin/python3 -W ignore:setup.py install is deprecated -W ignore:easy_install command is deprecated setup.py egg_info --egg-base ../../build/ur5_control build --build-base /home/foxy/krishicobot_ws/build/ur5_control/build install --record /home/foxy/krishicobot_ws/build/ur5_control/install.log --single-version-externally-managed install_data
[0.885s] running egg_info
[0.886s] writing ../../build/ur5_control/ur5_control.egg-info/PKG-INFO
[0.886s] writing dependency_links to ../../build/ur5_control/ur5_control.egg-info/dependency_links.txt
[0.886s] writing entry points to ../../build/ur5_control/ur5_control.egg-info/entry_points.txt
[0.886s] writing requirements to ../../build/ur5_control/ur5_control.egg-info/requires.txt
[0.886s] writing top-level names to ../../build/ur5_control/ur5_control.egg-info/top_level.txt
[0.887s] reading manifest file '../../build/ur5_control/ur5_control.egg-info/SOURCES.txt'
[0.888s] writing manifest file '../../build/ur5_control/ur5_control.egg-info/SOURCES.txt'
[0.888s] running build
[0.888s] running build_py
[0.888s] running install
[0.888s] running install_lib
[0.889s] running install_data
[0.889s] creating /home/foxy/krishicobot_ws/install/ur5_control/share/ur5_control/launch
[0.889s] copying launch/ur5_bringup.launch.py -> /home/foxy/krishicobot_ws/install/ur5_control/share/ur5_control/launch
[0.889s] running install_egg_info
[0.890s] removing '/home/foxy/krishicobot_ws/install/ur5_control/lib/python3.10/site-packages/ur5_control-0.0.0-py3.10.egg-info' (and everything under it)
[0.890s] Copying ../../build/ur5_control/ur5_control.egg-info to /home/foxy/krishicobot_ws/install/ur5_control/lib/python3.10/site-packages/ur5_control-0.0.0-py3.10.egg-info
[0.891s] running install_scripts
[0.905s] Installing ur5_node script to /home/foxy/krishicobot_ws/install/ur5_control/lib/ur5_control
[0.905s] writing list of installed files to '/home/foxy/krishicobot_ws/build/ur5_control/install.log'
[0.929s] Invoked command in '/home/foxy/krishicobot_ws/src/ur5_control' returned '0': PYTHONPATH=/home/foxy/krishicobot_ws/build/ur5_control/prefix_override:/usr/lib/python3/dist-packages/colcon_core/task/python/colcon_distutils_commands:/home/foxy/krishicobot_ws/install/ur5_control/lib/python3.10/site-packages:${PYTHONPATH} /usr/bin/python3 -W ignore:setup.py install is deprecated -W ignore:easy_install command is deprecated setup.py egg_info --egg-base ../../build/ur5_control build --build-base /home/foxy/krishicobot_ws/build/ur5_control/build install --record /home/foxy/krishicobot_ws/build/ur5_control/install.log --single-version-externally-managed install_data
