running egg_info
creating ../../build/ebot_navigation/ebot_navigation.egg-info
writing ../../build/ebot_navigation/ebot_navigation.egg-info/PKG-INFO
writing dependency_links to ../../build/ebot_navigation/ebot_navigation.egg-info/dependency_links.txt
writing entry points to ../../build/ebot_navigation/ebot_navigation.egg-info/entry_points.txt
writing requirements to ../../build/ebot_navigation/ebot_navigation.egg-info/requires.txt
writing top-level names to ../../build/ebot_navigation/ebot_navigation.egg-info/top_level.txt
writing manifest file '../../build/ebot_navigation/ebot_navigation.egg-info/SOURCES.txt'
reading manifest file '../../build/ebot_navigation/ebot_navigation.egg-info/SOURCES.txt'
writing manifest file '../../build/ebot_navigation/ebot_navigation.egg-info/SOURCES.txt'
running build
running build_py
creating /home/foxy/krishicobot_ws/build/ebot_navigation/build
creating /home/foxy/krishicobot_ws/build/ebot_navigation/build/lib
creating /home/foxy/krishicobot_ws/build/ebot_navigation/build/lib/ebot_navigation
copying ebot_navigation/ebot_node.py -> /home/foxy/krishicobot_ws/build/ebot_navigation/build/lib/ebot_navigation
copying ebot_navigation/__init__.py -> /home/foxy/krishicobot_ws/build/ebot_navigation/build/lib/ebot_navigation
running install
running install_lib
creating /home/foxy/krishicobot_ws/install/ebot_navigation/lib/python3.10/site-packages/ebot_navigation
copying /home/foxy/krishicobot_ws/build/ebot_navigation/build/lib/ebot_navigation/ebot_node.py -> /home/foxy/krishicobot_ws/install/ebot_navigation/lib/python3.10/site-packages/ebot_navigation
copying /home/foxy/krishicobot_ws/build/ebot_navigation/build/lib/ebot_navigation/__init__.py -> /home/foxy/krishicobot_ws/install/ebot_navigation/lib/python3.10/site-packages/ebot_navigation
byte-compiling /home/foxy/krishicobot_ws/install/ebot_navigation/lib/python3.10/site-packages/ebot_navigation/ebot_node.py to ebot_node.cpython-310.pyc
byte-compiling /home/foxy/krishicobot_ws/install/ebot_navigation/lib/python3.10/site-packages/ebot_navigation/__init__.py to __init__.cpython-310.pyc
running install_data
creating /home/foxy/krishicobot_ws/install/ebot_navigation/share/ament_index
creating /home/foxy/krishicobot_ws/install/ebot_navigation/share/ament_index/resource_index
creating /home/foxy/krishicobot_ws/install/ebot_navigation/share/ament_index/resource_index/packages
copying resource/ebot_navigation -> /home/foxy/krishicobot_ws/install/ebot_navigation/share/ament_index/resource_index/packages
copying package.xml -> /home/foxy/krishicobot_ws/install/ebot_navigation/share/ebot_navigation
running install_egg_info
Copying ../../build/ebot_navigation/ebot_navigation.egg-info to /home/foxy/krishicobot_ws/install/ebot_navigation/lib/python3.10/site-packages/ebot_navigation-0.0.0-py3.10.egg-info
running install_scripts
Installing ebot_node script to /home/foxy/krishicobot_ws/install/ebot_navigation/lib/ebot_navigation
writing list of installed files to '/home/foxy/krishicobot_ws/build/ebot_navigation/install.log'
