[0.908s] Invoking command in '/home/foxy/krishicobot_ws/src/ebot_navigation': PYTHONPATH=/home/foxy/krishicobot_ws/build/ebot_navigation/prefix_override:/usr/lib/python3/dist-packages/colcon_core/task/python/colcon_distutils_commands:/home/foxy/krishicobot_ws/install/ebot_navigation/lib/python3.10/site-packages:${PYTHONPATH} /usr/bin/python3 -W ignore:setup.py install is deprecated -W ignore:easy_install command is deprecated setup.py egg_info --egg-base ../../build/ebot_navigation build --build-base /home/foxy/krishicobot_ws/build/ebot_navigation/build install --record /home/foxy/krishicobot_ws/build/ebot_navigation/install.log --single-version-externally-managed install_data
[1.058s] running egg_info
[1.058s] creating ../../build/ebot_navigation/ebot_navigation.egg-info
[1.058s] writing ../../build/ebot_navigation/ebot_navigation.egg-info/PKG-INFO
[1.059s] writing dependency_links to ../../build/ebot_navigation/ebot_navigation.egg-info/dependency_links.txt
[1.059s] writing entry points to ../../build/ebot_navigation/ebot_navigation.egg-info/entry_points.txt
[1.059s] writing requirements to ../../build/ebot_navigation/ebot_navigation.egg-info/requires.txt
[1.059s] writing top-level names to ../../build/ebot_navigation/ebot_navigation.egg-info/top_level.txt
[1.060s] writing manifest file '../../build/ebot_navigation/ebot_navigation.egg-info/SOURCES.txt'
[1.060s] reading manifest file '../../build/ebot_navigation/ebot_navigation.egg-info/SOURCES.txt'
[1.060s] writing manifest file '../../build/ebot_navigation/ebot_navigation.egg-info/SOURCES.txt'
[1.061s] running build
[1.061s] running build_py
[1.062s] creating /home/foxy/krishicobot_ws/build/ebot_navigation/build
[1.062s] creating /home/foxy/krishicobot_ws/build/ebot_navigation/build/lib
[1.062s] creating /home/foxy/krishicobot_ws/build/ebot_navigation/build/lib/ebot_navigation
[1.062s] copying ebot_navigation/ebot_node.py -> /home/foxy/krishicobot_ws/build/ebot_navigation/build/lib/ebot_navigation
[1.062s] copying ebot_navigation/__init__.py -> /home/foxy/krishicobot_ws/build/ebot_navigation/build/lib/ebot_navigation
[1.062s] running install
[1.062s] running install_lib
[1.062s] creating /home/foxy/krishicobot_ws/install/ebot_navigation/lib/python3.10/site-packages/ebot_navigation
[1.062s] copying /home/foxy/krishicobot_ws/build/ebot_navigation/build/lib/ebot_navigation/ebot_node.py -> /home/foxy/krishicobot_ws/install/ebot_navigation/lib/python3.10/site-packages/ebot_navigation
[1.062s] copying /home/foxy/krishicobot_ws/build/ebot_navigation/build/lib/ebot_navigation/__init__.py -> /home/foxy/krishicobot_ws/install/ebot_navigation/lib/python3.10/site-packages/ebot_navigation
[1.063s] byte-compiling /home/foxy/krishicobot_ws/install/ebot_navigation/lib/python3.10/site-packages/ebot_navigation/ebot_node.py to ebot_node.cpython-310.pyc
[1.063s] byte-compiling /home/foxy/krishicobot_ws/install/ebot_navigation/lib/python3.10/site-packages/ebot_navigation/__init__.py to __init__.cpython-310.pyc
[1.063s] running install_data
[1.063s] creating /home/foxy/krishicobot_ws/install/ebot_navigation/share/ament_index
[1.063s] creating /home/foxy/krishicobot_ws/install/ebot_navigation/share/ament_index/resource_index
[1.063s] creating /home/foxy/krishicobot_ws/install/ebot_navigation/share/ament_index/resource_index/packages
[1.063s] copying resource/ebot_navigation -> /home/foxy/krishicobot_ws/install/ebot_navigation/share/ament_index/resource_index/packages
[1.063s] copying package.xml -> /home/foxy/krishicobot_ws/install/ebot_navigation/share/ebot_navigation
[1.063s] running install_egg_info
[1.064s] Copying ../../build/ebot_navigation/ebot_navigation.egg-info to /home/foxy/krishicobot_ws/install/ebot_navigation/lib/python3.10/site-packages/ebot_navigation-0.0.0-py3.10.egg-info
[1.064s] running install_scripts
[1.077s] Installing ebot_node script to /home/foxy/krishicobot_ws/install/ebot_navigation/lib/ebot_navigation
[1.077s] writing list of installed files to '/home/foxy/krishicobot_ws/build/ebot_navigation/install.log'
[1.097s] Invoked command in '/home/foxy/krishicobot_ws/src/ebot_navigation' returned '0': PYTHONPATH=/home/foxy/krishicobot_ws/build/ebot_navigation/prefix_override:/usr/lib/python3/dist-packages/colcon_core/task/python/colcon_distutils_commands:/home/foxy/krishicobot_ws/install/ebot_navigation/lib/python3.10/site-packages:${PYTHONPATH} /usr/bin/python3 -W ignore:setup.py install is deprecated -W ignore:easy_install command is deprecated setup.py egg_info --egg-base ../../build/ebot_navigation build --build-base /home/foxy/krishicobot_ws/build/ebot_navigation/build install --record /home/foxy/krishicobot_ws/build/ebot_navigation/install.log --single-version-externally-managed install_data
