running egg_info
writing ../../build/ebot_navigation/ebot_navigation.egg-info/PKG-INFO
writing dependency_links to ../../build/ebot_navigation/ebot_navigation.egg-info/dependency_links.txt
writing entry points to ../../build/ebot_navigation/ebot_navigation.egg-info/entry_points.txt
writing requirements to ../../build/ebot_navigation/ebot_navigation.egg-info/requires.txt
writing top-level names to ../../build/ebot_navigation/ebot_navigation.egg-info/top_level.txt
reading manifest file '../../build/ebot_navigation/ebot_navigation.egg-info/SOURCES.txt'
writing manifest file '../../build/ebot_navigation/ebot_navigation.egg-info/SOURCES.txt'
running build
running build_py
running install
running install_lib
running install_data
creating /home/foxy/krishicobot_ws/install/ebot_navigation/share/ebot_navigation/launch
copying launch/ebot_bringup.launch.py -> /home/foxy/krishicobot_ws/install/ebot_navigation/share/ebot_navigation/launch
running install_egg_info
removing '/home/foxy/krishicobot_ws/install/ebot_navigation/lib/python3.10/site-packages/ebot_navigation-0.0.0-py3.10.egg-info' (and everything under it)
Copying ../../build/ebot_navigation/ebot_navigation.egg-info to /home/foxy/krishicobot_ws/install/ebot_navigation/lib/python3.10/site-packages/ebot_navigation-0.0.0-py3.10.egg-info
running install_scripts
Installing ebot_node script to /home/foxy/krishicobot_ws/install/ebot_navigation/lib/ebot_navigation
writing list of installed files to '/home/foxy/krishicobot_ws/build/ebot_navigation/install.log'
