[0.706s] Invoking command in '/home/foxy/krishicobot_ws/src/farm_comm': PYTHONPATH=/home/foxy/krishicobot_ws/build/farm_comm/prefix_override:/usr/lib/python3/dist-packages/colcon_core/task/python/colcon_distutils_commands:/home/foxy/krishicobot_ws/install/farm_comm/lib/python3.10/site-packages:${PYTHONPATH} /usr/bin/python3 -W ignore:setup.py install is deprecated -W ignore:easy_install command is deprecated setup.py egg_info --egg-base ../../build/farm_comm build --build-base /home/foxy/krishicobot_ws/build/farm_comm/build install --record /home/foxy/krishicobot_ws/build/farm_comm/install.log --single-version-externally-managed install_data
[0.855s] running egg_info
[0.855s] writing ../../build/farm_comm/farm_comm.egg-info/PKG-INFO
[0.856s] writing dependency_links to ../../build/farm_comm/farm_comm.egg-info/dependency_links.txt
[0.856s] writing entry points to ../../build/farm_comm/farm_comm.egg-info/entry_points.txt
[0.856s] writing requirements to ../../build/farm_comm/farm_comm.egg-info/requires.txt
[0.856s] writing top-level names to ../../build/farm_comm/farm_comm.egg-info/top_level.txt
[0.857s] reading manifest file '../../build/farm_comm/farm_comm.egg-info/SOURCES.txt'
[0.857s] writing manifest file '../../build/farm_comm/farm_comm.egg-info/SOURCES.txt'
[0.857s] running build
[0.858s] running build_py
[0.858s] copying farm_comm/comm_node.py -> /home/foxy/krishicobot_ws/build/farm_comm/build/lib/farm_comm
[0.858s] running install
[0.858s] running install_lib
[0.858s] copying /home/foxy/krishicobot_ws/build/farm_comm/build/lib/farm_comm/comm_node.py -> /home/foxy/krishicobot_ws/install/farm_comm/lib/python3.10/site-packages/farm_comm
[0.858s] byte-compiling /home/foxy/krishicobot_ws/install/farm_comm/lib/python3.10/site-packages/farm_comm/comm_node.py to comm_node.cpython-310.pyc
[0.859s] running install_data
[0.859s] running install_egg_info
[0.860s] removing '/home/foxy/krishicobot_ws/install/farm_comm/lib/python3.10/site-packages/farm_comm-0.0.0-py3.10.egg-info' (and everything under it)
[0.860s] Copying ../../build/farm_comm/farm_comm.egg-info to /home/foxy/krishicobot_ws/install/farm_comm/lib/python3.10/site-packages/farm_comm-0.0.0-py3.10.egg-info
[0.860s] running install_scripts
[0.875s] Installing comm_node script to /home/foxy/krishicobot_ws/install/farm_comm/lib/farm_comm
[0.875s] writing list of installed files to '/home/foxy/krishicobot_ws/build/farm_comm/install.log'
[0.897s] Invoked command in '/home/foxy/krishicobot_ws/src/farm_comm' returned '0': PYTHONPATH=/home/foxy/krishicobot_ws/build/farm_comm/prefix_override:/usr/lib/python3/dist-packages/colcon_core/task/python/colcon_distutils_commands:/home/foxy/krishicobot_ws/install/farm_comm/lib/python3.10/site-packages:${PYTHONPATH} /usr/bin/python3 -W ignore:setup.py install is deprecated -W ignore:easy_install command is deprecated setup.py egg_info --egg-base ../../build/farm_comm build --build-base /home/foxy/krishicobot_ws/build/farm_comm/build install --record /home/foxy/krishicobot_ws/build/farm_comm/install.log --single-version-externally-managed install_data
