[0.060s] DEBUG:colcon:Command line arguments: ['/usr/bin/colcon', 'build']
[0.060s] DEBUG:colcon:Parsed command line arguments: Namespace(log_base=None, log_level=None, verb_name='build', build_base='build', install_base='install', merge_install=False, symlink_install=False, test_result_base=None, continue_on_error=False, executor='parallel', parallel_workers=16, event_handlers=None, ignore_user_meta=False, metas=['./colcon.meta'], base_paths=['.'], packages_ignore=None, packages_ignore_regex=None, paths=None, packages_up_to=None, packages_up_to_regex=None, packages_above=None, packages_above_and_dependencies=None, packages_above_depth=None, packages_select_by_dep=None, packages_skip_by_dep=None, packages_skip_up_to=None, packages_select_build_failed=False, packages_skip_build_finished=False, packages_select_test_failures=False, packages_skip_test_passed=False, packages_select=None, packages_skip=None, packages_select_regex=None, packages_skip_regex=None, packages_start=None, packages_end=None, allow_overriding=[], cmake_args=None, cmake_target=None, cmake_target_skip_unavailable=False, cmake_clean_cache=False, cmake_clean_first=False, cmake_force_configure=False, ament_cmake_args=None, catkin_cmake_args=None, catkin_skip_building_tests=False, mixin_files=None, mixin=None, verb_parser=<colcon_mixin.mixin.mixin_argument.MixinArgumentDecorator object at 0x7dfa30466bf0>, verb_extension=<colcon_core.verb.build.BuildVerb object at 0x7dfa30466710>, main=<bound method BuildVerb.main of <colcon_core.verb.build.BuildVerb object at 0x7dfa30466710>>, mixin_verb=('build',))
[0.153s] Level 1:colcon.colcon_core.package_discovery:discover_packages(colcon_meta) check parameters
[0.153s] Level 1:colcon.colcon_core.package_discovery:discover_packages(recursive) check parameters
[0.153s] Level 1:colcon.colcon_core.package_discovery:discover_packages(ignore) check parameters
[0.153s] Level 1:colcon.colcon_core.package_discovery:discover_packages(path) check parameters
[0.153s] Level 1:colcon.colcon_core.package_discovery:discover_packages(colcon_meta) discover
[0.153s] Level 1:colcon.colcon_core.package_discovery:discover_packages(recursive) discover
[0.153s] INFO:colcon.colcon_core.package_discovery:Crawling recursively for packages in '/home/foxy/krishicobot_ws'
[0.153s] Level 1:colcon.colcon_core.package_identification:_identify(.) by extensions ['ignore', 'ignore_ament_install']
[0.153s] Level 1:colcon.colcon_core.package_identification:_identify(.) by extension 'ignore'
[0.154s] Level 1:colcon.colcon_core.package_identification:_identify(.) by extension 'ignore_ament_install'
[0.154s] Level 1:colcon.colcon_core.package_identification:_identify(.) by extensions ['colcon_pkg']
[0.154s] Level 1:colcon.colcon_core.package_identification:_identify(.) by extension 'colcon_pkg'
[0.154s] Level 1:colcon.colcon_core.package_identification:_identify(.) by extensions ['colcon_meta']
[0.154s] Level 1:colcon.colcon_core.package_identification:_identify(.) by extension 'colcon_meta'
[0.154s] Level 1:colcon.colcon_core.package_identification:_identify(.) by extensions ['ros']
[0.154s] Level 1:colcon.colcon_core.package_identification:_identify(.) by extension 'ros'
[0.163s] Level 1:colcon.colcon_core.package_identification:_identify(.) by extensions ['cmake', 'python']
[0.163s] Level 1:colcon.colcon_core.package_identification:_identify(.) by extension 'cmake'
[0.163s] Level 1:colcon.colcon_core.package_identification:_identify(.) by extension 'python'
[0.163s] Level 1:colcon.colcon_core.package_identification:_identify(.) by extensions ['python_setup_py']
[0.163s] Level 1:colcon.colcon_core.package_identification:_identify(.) by extension 'python_setup_py'
[0.163s] Level 1:colcon.colcon_core.package_identification:_identify(build) by extensions ['ignore', 'ignore_ament_install']
[0.163s] Level 1:colcon.colcon_core.package_identification:_identify(build) by extension 'ignore'
[0.163s] Level 1:colcon.colcon_core.package_identification:_identify(build) ignored
[0.163s] Level 1:colcon.colcon_core.package_identification:_identify(install) by extensions ['ignore', 'ignore_ament_install']
[0.163s] Level 1:colcon.colcon_core.package_identification:_identify(install) by extension 'ignore'
[0.163s] Level 1:colcon.colcon_core.package_identification:_identify(install) ignored
[0.163s] Level 1:colcon.colcon_core.package_identification:_identify(log) by extensions ['ignore', 'ignore_ament_install']
[0.163s] Level 1:colcon.colcon_core.package_identification:_identify(log) by extension 'ignore'
[0.163s] Level 1:colcon.colcon_core.package_identification:_identify(log) ignored
[0.163s] Level 1:colcon.colcon_core.package_identification:_identify(src) by extensions ['ignore', 'ignore_ament_install']
[0.163s] Level 1:colcon.colcon_core.package_identification:_identify(src) by extension 'ignore'
[0.163s] Level 1:colcon.colcon_core.package_identification:_identify(src) by extension 'ignore_ament_install'
[0.163s] Level 1:colcon.colcon_core.package_identification:_identify(src) by extensions ['colcon_pkg']
[0.163s] Level 1:colcon.colcon_core.package_identification:_identify(src) by extension 'colcon_pkg'
[0.163s] Level 1:colcon.colcon_core.package_identification:_identify(src) by extensions ['colcon_meta']
[0.163s] Level 1:colcon.colcon_core.package_identification:_identify(src) by extension 'colcon_meta'
[0.163s] Level 1:colcon.colcon_core.package_identification:_identify(src) by extensions ['ros']
[0.163s] Level 1:colcon.colcon_core.package_identification:_identify(src) by extension 'ros'
[0.164s] Level 1:colcon.colcon_core.package_identification:_identify(src) by extensions ['cmake', 'python']
[0.164s] Level 1:colcon.colcon_core.package_identification:_identify(src) by extension 'cmake'
[0.164s] Level 1:colcon.colcon_core.package_identification:_identify(src) by extension 'python'
[0.164s] Level 1:colcon.colcon_core.package_identification:_identify(src) by extensions ['python_setup_py']
[0.164s] Level 1:colcon.colcon_core.package_identification:_identify(src) by extension 'python_setup_py'
[0.164s] Level 1:colcon.colcon_core.package_identification:_identify(src/ebot_navigation) by extensions ['ignore', 'ignore_ament_install']
[0.164s] Level 1:colcon.colcon_core.package_identification:_identify(src/ebot_navigation) by extension 'ignore'
[0.164s] Level 1:colcon.colcon_core.package_identification:_identify(src/ebot_navigation) by extension 'ignore_ament_install'
[0.164s] Level 1:colcon.colcon_core.package_identification:_identify(src/ebot_navigation) by extensions ['colcon_pkg']
[0.164s] Level 1:colcon.colcon_core.package_identification:_identify(src/ebot_navigation) by extension 'colcon_pkg'
[0.164s] Level 1:colcon.colcon_core.package_identification:_identify(src/ebot_navigation) by extensions ['colcon_meta']
[0.164s] Level 1:colcon.colcon_core.package_identification:_identify(src/ebot_navigation) by extension 'colcon_meta'
[0.164s] Level 1:colcon.colcon_core.package_identification:_identify(src/ebot_navigation) by extensions ['ros']
[0.164s] Level 1:colcon.colcon_core.package_identification:_identify(src/ebot_navigation) by extension 'ros'
[0.166s] DEBUG:colcon.colcon_core.package_identification:Package 'src/ebot_navigation' with type 'ros.ament_python' and name 'ebot_navigation'
[0.166s] Level 1:colcon.colcon_core.package_identification:_identify(src/farm_comm) by extensions ['ignore', 'ignore_ament_install']
[0.166s] Level 1:colcon.colcon_core.package_identification:_identify(src/farm_comm) by extension 'ignore'
[0.166s] Level 1:colcon.colcon_core.package_identification:_identify(src/farm_comm) by extension 'ignore_ament_install'
[0.166s] Level 1:colcon.colcon_core.package_identification:_identify(src/farm_comm) by extensions ['colcon_pkg']
[0.166s] Level 1:colcon.colcon_core.package_identification:_identify(src/farm_comm) by extension 'colcon_pkg'
[0.166s] Level 1:colcon.colcon_core.package_identification:_identify(src/farm_comm) by extensions ['colcon_meta']
[0.166s] Level 1:colcon.colcon_core.package_identification:_identify(src/farm_comm) by extension 'colcon_meta'
[0.166s] Level 1:colcon.colcon_core.package_identification:_identify(src/farm_comm) by extensions ['ros']
[0.166s] Level 1:colcon.colcon_core.package_identification:_identify(src/farm_comm) by extension 'ros'
[0.167s] DEBUG:colcon.colcon_core.package_identification:Package 'src/farm_comm' with type 'ros.ament_python' and name 'farm_comm'
[0.167s] Level 1:colcon.colcon_core.package_identification:_identify(src/ur5_control) by extensions ['ignore', 'ignore_ament_install']
[0.167s] Level 1:colcon.colcon_core.package_identification:_identify(src/ur5_control) by extension 'ignore'
[0.167s] Level 1:colcon.colcon_core.package_identification:_identify(src/ur5_control) by extension 'ignore_ament_install'
[0.167s] Level 1:colcon.colcon_core.package_identification:_identify(src/ur5_control) by extensions ['colcon_pkg']
[0.167s] Level 1:colcon.colcon_core.package_identification:_identify(src/ur5_control) by extension 'colcon_pkg'
[0.167s] Level 1:colcon.colcon_core.package_identification:_identify(src/ur5_control) by extensions ['colcon_meta']
[0.167s] Level 1:colcon.colcon_core.package_identification:_identify(src/ur5_control) by extension 'colcon_meta'
[0.167s] Level 1:colcon.colcon_core.package_identification:_identify(src/ur5_control) by extensions ['ros']
[0.167s] Level 1:colcon.colcon_core.package_identification:_identify(src/ur5_control) by extension 'ros'
[0.167s] DEBUG:colcon.colcon_core.package_identification:Package 'src/ur5_control' with type 'ros.ament_python' and name 'ur5_control'
[0.167s] Level 1:colcon.colcon_core.package_discovery:discover_packages(recursive) using defaults
[0.167s] Level 1:colcon.colcon_core.package_discovery:discover_packages(ignore) discover
[0.167s] Level 1:colcon.colcon_core.package_discovery:discover_packages(ignore) using defaults
[0.167s] Level 1:colcon.colcon_core.package_discovery:discover_packages(path) discover
[0.167s] Level 1:colcon.colcon_core.package_discovery:discover_packages(path) using defaults
[0.184s] Level 1:colcon.colcon_core.package_discovery:discover_packages(prefix_path) check parameters
[0.184s] Level 1:colcon.colcon_core.package_discovery:discover_packages(prefix_path) discover
[0.184s] DEBUG:colcon.colcon_installed_package_information.package_discovery:Found 3 installed packages in /home/foxy/krishicobot_ws/install
[0.185s] DEBUG:colcon.colcon_installed_package_information.package_discovery:Found 309 installed packages in /opt/ros/humble
[0.186s] Level 1:colcon.colcon_core.package_discovery:discover_packages(prefix_path) using defaults
[0.206s] Level 5:colcon.colcon_core.verb:set package 'ebot_navigation' build argument 'cmake_args' from command line to 'None'
[0.207s] Level 5:colcon.colcon_core.verb:set package 'ebot_navigation' build argument 'cmake_target' from command line to 'None'
[0.207s] Level 5:colcon.colcon_core.verb:set package 'ebot_navigation' build argument 'cmake_target_skip_unavailable' from command line to 'False'
[0.207s] Level 5:colcon.colcon_core.verb:set package 'ebot_navigation' build argument 'cmake_clean_cache' from command line to 'False'
[0.207s] Level 5:colcon.colcon_core.verb:set package 'ebot_navigation' build argument 'cmake_clean_first' from command line to 'False'
[0.207s] Level 5:colcon.colcon_core.verb:set package 'ebot_navigation' build argument 'cmake_force_configure' from command line to 'False'
[0.207s] Level 5:colcon.colcon_core.verb:set package 'ebot_navigation' build argument 'ament_cmake_args' from command line to 'None'
[0.207s] Level 5:colcon.colcon_core.verb:set package 'ebot_navigation' build argument 'catkin_cmake_args' from command line to 'None'
[0.207s] Level 5:colcon.colcon_core.verb:set package 'ebot_navigation' build argument 'catkin_skip_building_tests' from command line to 'False'
[0.207s] DEBUG:colcon.colcon_core.verb:Building package 'ebot_navigation' with the following arguments: {'ament_cmake_args': None, 'build_base': '/home/foxy/krishicobot_ws/build/ebot_navigation', 'catkin_cmake_args': None, 'catkin_skip_building_tests': False, 'cmake_args': None, 'cmake_clean_cache': False, 'cmake_clean_first': False, 'cmake_force_configure': False, 'cmake_target': None, 'cmake_target_skip_unavailable': False, 'install_base': '/home/foxy/krishicobot_ws/install/ebot_navigation', 'merge_install': False, 'path': '/home/foxy/krishicobot_ws/src/ebot_navigation', 'symlink_install': False, 'test_result_base': None}
[0.207s] Level 5:colcon.colcon_core.verb:set package 'farm_comm' build argument 'cmake_args' from command line to 'None'
[0.207s] Level 5:colcon.colcon_core.verb:set package 'farm_comm' build argument 'cmake_target' from command line to 'None'
[0.207s] Level 5:colcon.colcon_core.verb:set package 'farm_comm' build argument 'cmake_target_skip_unavailable' from command line to 'False'
[0.207s] Level 5:colcon.colcon_core.verb:set package 'farm_comm' build argument 'cmake_clean_cache' from command line to 'False'
[0.207s] Level 5:colcon.colcon_core.verb:set package 'farm_comm' build argument 'cmake_clean_first' from command line to 'False'
[0.207s] Level 5:colcon.colcon_core.verb:set package 'farm_comm' build argument 'cmake_force_configure' from command line to 'False'
[0.207s] Level 5:colcon.colcon_core.verb:set package 'farm_comm' build argument 'ament_cmake_args' from command line to 'None'
[0.207s] Level 5:colcon.colcon_core.verb:set package 'farm_comm' build argument 'catkin_cmake_args' from command line to 'None'
[0.207s] Level 5:colcon.colcon_core.verb:set package 'farm_comm' build argument 'catkin_skip_building_tests' from command line to 'False'
[0.207s] DEBUG:colcon.colcon_core.verb:Building package 'farm_comm' with the following arguments: {'ament_cmake_args': None, 'build_base': '/home/foxy/krishicobot_ws/build/farm_comm', 'catkin_cmake_args': None, 'catkin_skip_building_tests': False, 'cmake_args': None, 'cmake_clean_cache': False, 'cmake_clean_first': False, 'cmake_force_configure': False, 'cmake_target': None, 'cmake_target_skip_unavailable': False, 'install_base': '/home/foxy/krishicobot_ws/install/farm_comm', 'merge_install': False, 'path': '/home/foxy/krishicobot_ws/src/farm_comm', 'symlink_install': False, 'test_result_base': None}
[0.207s] Level 5:colcon.colcon_core.verb:set package 'ur5_control' build argument 'cmake_args' from command line to 'None'
[0.207s] Level 5:colcon.colcon_core.verb:set package 'ur5_control' build argument 'cmake_target' from command line to 'None'
[0.207s] Level 5:colcon.colcon_core.verb:set package 'ur5_control' build argument 'cmake_target_skip_unavailable' from command line to 'False'
[0.207s] Level 5:colcon.colcon_core.verb:set package 'ur5_control' build argument 'cmake_clean_cache' from command line to 'False'
[0.207s] Level 5:colcon.colcon_core.verb:set package 'ur5_control' build argument 'cmake_clean_first' from command line to 'False'
[0.207s] Level 5:colcon.colcon_core.verb:set package 'ur5_control' build argument 'cmake_force_configure' from command line to 'False'
[0.207s] Level 5:colcon.colcon_core.verb:set package 'ur5_control' build argument 'ament_cmake_args' from command line to 'None'
[0.207s] Level 5:colcon.colcon_core.verb:set package 'ur5_control' build argument 'catkin_cmake_args' from command line to 'None'
[0.207s] Level 5:colcon.colcon_core.verb:set package 'ur5_control' build argument 'catkin_skip_building_tests' from command line to 'False'
[0.207s] DEBUG:colcon.colcon_core.verb:Building package 'ur5_control' with the following arguments: {'ament_cmake_args': None, 'build_base': '/home/foxy/krishicobot_ws/build/ur5_control', 'catkin_cmake_args': None, 'catkin_skip_building_tests': False, 'cmake_args': None, 'cmake_clean_cache': False, 'cmake_clean_first': False, 'cmake_force_configure': False, 'cmake_target': None, 'cmake_target_skip_unavailable': False, 'install_base': '/home/foxy/krishicobot_ws/install/ur5_control', 'merge_install': False, 'path': '/home/foxy/krishicobot_ws/src/ur5_control', 'symlink_install': False, 'test_result_base': None}
[0.207s] INFO:colcon.colcon_core.executor:Executing jobs using 'parallel' executor
[0.208s] DEBUG:colcon.colcon_parallel_executor.executor.parallel:run_until_complete
[0.208s] INFO:colcon.colcon_ros.task.ament_python.build:Building ROS package in '/home/foxy/krishicobot_ws/src/ebot_navigation' with build type 'ament_python'
[0.208s] Level 1:colcon.colcon_core.shell:create_environment_hook('ebot_navigation', 'ament_prefix_path')
[0.210s] INFO:colcon.colcon_core.plugin_system:Skipping extension 'colcon_core.shell.bat': Not used on non-Windows systems
[0.210s] INFO:colcon.colcon_core.shell:Creating environment hook '/home/foxy/krishicobot_ws/install/ebot_navigation/share/ebot_navigation/hook/ament_prefix_path.ps1'
[0.210s] INFO:colcon.colcon_core.shell:Creating environment descriptor '/home/foxy/krishicobot_ws/install/ebot_navigation/share/ebot_navigation/hook/ament_prefix_path.dsv'
[0.210s] INFO:colcon.colcon_core.shell:Creating environment hook '/home/foxy/krishicobot_ws/install/ebot_navigation/share/ebot_navigation/hook/ament_prefix_path.sh'
[0.211s] INFO:colcon.colcon_core.shell:Skip shell extension 'powershell' for command environment: Not usable outside of PowerShell
[0.211s] DEBUG:colcon.colcon_core.shell:Skip shell extension 'dsv' for command environment
[0.212s] INFO:colcon.colcon_ros.task.ament_python.build:Building ROS package in '/home/foxy/krishicobot_ws/src/farm_comm' with build type 'ament_python'
[0.213s] Level 1:colcon.colcon_core.shell:create_environment_hook('farm_comm', 'ament_prefix_path')
[0.213s] INFO:colcon.colcon_core.shell:Creating environment hook '/home/foxy/krishicobot_ws/install/farm_comm/share/farm_comm/hook/ament_prefix_path.ps1'
[0.213s] INFO:colcon.colcon_core.shell:Creating environment descriptor '/home/foxy/krishicobot_ws/install/farm_comm/share/farm_comm/hook/ament_prefix_path.dsv'
[0.213s] INFO:colcon.colcon_core.shell:Creating environment hook '/home/foxy/krishicobot_ws/install/farm_comm/share/farm_comm/hook/ament_prefix_path.sh'
[0.213s] INFO:colcon.colcon_core.shell:Skip shell extension 'powershell' for command environment: Not usable outside of PowerShell
[0.213s] DEBUG:colcon.colcon_core.shell:Skip shell extension 'dsv' for command environment
[0.215s] INFO:colcon.colcon_ros.task.ament_python.build:Building ROS package in '/home/foxy/krishicobot_ws/src/ur5_control' with build type 'ament_python'
[0.215s] Level 1:colcon.colcon_core.shell:create_environment_hook('ur5_control', 'ament_prefix_path')
[0.215s] INFO:colcon.colcon_core.shell:Creating environment hook '/home/foxy/krishicobot_ws/install/ur5_control/share/ur5_control/hook/ament_prefix_path.ps1'
[0.244s] INFO:colcon.colcon_core.shell:Creating environment descriptor '/home/foxy/krishicobot_ws/install/ur5_control/share/ur5_control/hook/ament_prefix_path.dsv'
[0.244s] INFO:colcon.colcon_core.shell:Creating environment hook '/home/foxy/krishicobot_ws/install/ur5_control/share/ur5_control/hook/ament_prefix_path.sh'
[0.245s] INFO:colcon.colcon_core.shell:Skip shell extension 'powershell' for command environment: Not usable outside of PowerShell
[0.245s] DEBUG:colcon.colcon_core.shell:Skip shell extension 'dsv' for command environment
[0.393s] INFO:colcon.colcon_core.task.python.build:Building Python package in '/home/foxy/krishicobot_ws/src/ebot_navigation'
[0.393s] INFO:colcon.colcon_core.shell:Skip shell extension 'powershell' for command environment: Not usable outside of PowerShell
[0.393s] DEBUG:colcon.colcon_core.shell:Skip shell extension 'dsv' for command environment
[0.547s] INFO:colcon.colcon_core.task.python.build:Building Python package in '/home/foxy/krishicobot_ws/src/farm_comm'
[0.547s] INFO:colcon.colcon_core.shell:Skip shell extension 'powershell' for command environment: Not usable outside of PowerShell
[0.547s] DEBUG:colcon.colcon_core.shell:Skip shell extension 'dsv' for command environment
[0.696s] INFO:colcon.colcon_core.task.python.build:Building Python package in '/home/foxy/krishicobot_ws/src/ur5_control'
[0.697s] INFO:colcon.colcon_core.shell:Skip shell extension 'powershell' for command environment: Not usable outside of PowerShell
[0.697s] DEBUG:colcon.colcon_core.shell:Skip shell extension 'dsv' for command environment
[0.945s] DEBUG:colcon.colcon_core.event_handler.log_command:Invoking command in '/home/foxy/krishicobot_ws/src/ur5_control': PYTHONPATH=/home/foxy/krishicobot_ws/build/ur5_control/prefix_override:/usr/lib/python3/dist-packages/colcon_core/task/python/colcon_distutils_commands:/home/foxy/krishicobot_ws/install/ur5_control/lib/python3.10/site-packages:${PYTHONPATH} /usr/bin/python3 -W ignore:setup.py install is deprecated -W ignore:easy_install command is deprecated setup.py egg_info --egg-base ../../build/ur5_control build --build-base /home/foxy/krishicobot_ws/build/ur5_control/build install --record /home/foxy/krishicobot_ws/build/ur5_control/install.log --single-version-externally-managed install_data
[0.946s] DEBUG:colcon.colcon_core.event_handler.log_command:Invoking command in '/home/foxy/krishicobot_ws/src/ebot_navigation': PYTHONPATH=/home/foxy/krishicobot_ws/build/ebot_navigation/prefix_override:/usr/lib/python3/dist-packages/colcon_core/task/python/colcon_distutils_commands:/home/foxy/krishicobot_ws/install/ebot_navigation/lib/python3.10/site-packages:${PYTHONPATH} /usr/bin/python3 -W ignore:setup.py install is deprecated -W ignore:easy_install command is deprecated setup.py egg_info --egg-base ../../build/ebot_navigation build --build-base /home/foxy/krishicobot_ws/build/ebot_navigation/build install --record /home/foxy/krishicobot_ws/build/ebot_navigation/install.log --single-version-externally-managed install_data
[0.965s] DEBUG:colcon.colcon_core.event_handler.log_command:Invoking command in '/home/foxy/krishicobot_ws/src/farm_comm': PYTHONPATH=/home/foxy/krishicobot_ws/build/farm_comm/prefix_override:/usr/lib/python3/dist-packages/colcon_core/task/python/colcon_distutils_commands:/home/foxy/krishicobot_ws/install/farm_comm/lib/python3.10/site-packages:${PYTHONPATH} /usr/bin/python3 -W ignore:setup.py install is deprecated -W ignore:easy_install command is deprecated setup.py egg_info --egg-base ../../build/farm_comm build --build-base /home/foxy/krishicobot_ws/build/farm_comm/build install --record /home/foxy/krishicobot_ws/build/farm_comm/install.log --single-version-externally-managed install_data
[1.132s] DEBUG:colcon.colcon_core.event_handler.log_command:Invoked command in '/home/foxy/krishicobot_ws/src/ebot_navigation' returned '0': PYTHONPATH=/home/foxy/krishicobot_ws/build/ebot_navigation/prefix_override:/usr/lib/python3/dist-packages/colcon_core/task/python/colcon_distutils_commands:/home/foxy/krishicobot_ws/install/ebot_navigation/lib/python3.10/site-packages:${PYTHONPATH} /usr/bin/python3 -W ignore:setup.py install is deprecated -W ignore:easy_install command is deprecated setup.py egg_info --egg-base ../../build/ebot_navigation build --build-base /home/foxy/krishicobot_ws/build/ebot_navigation/build install --record /home/foxy/krishicobot_ws/build/ebot_navigation/install.log --single-version-externally-managed install_data
[1.134s] Level 1:colcon.colcon_core.environment:checking '/home/foxy/krishicobot_ws/install/ebot_navigation' for CMake module files
[1.134s] Level 1:colcon.colcon_core.environment:checking '/home/foxy/krishicobot_ws/install/ebot_navigation' for CMake config files
[1.135s] Level 1:colcon.colcon_core.environment:checking '/home/foxy/krishicobot_ws/install/ebot_navigation/lib'
[1.135s] Level 1:colcon.colcon_core.environment:checking '/home/foxy/krishicobot_ws/install/ebot_navigation/bin'
[1.135s] Level 1:colcon.colcon_core.environment:checking '/home/foxy/krishicobot_ws/install/ebot_navigation/lib/pkgconfig/ebot_navigation.pc'
[1.136s] Level 1:colcon.colcon_core.environment:checking '/home/foxy/krishicobot_ws/install/ebot_navigation/lib/python3.10/site-packages'
[1.136s] Level 1:colcon.colcon_core.shell:create_environment_hook('ebot_navigation', 'pythonpath')
[1.136s] INFO:colcon.colcon_core.shell:Creating environment hook '/home/foxy/krishicobot_ws/install/ebot_navigation/share/ebot_navigation/hook/pythonpath.ps1'
[1.137s] INFO:colcon.colcon_core.shell:Creating environment descriptor '/home/foxy/krishicobot_ws/install/ebot_navigation/share/ebot_navigation/hook/pythonpath.dsv'
[1.137s] INFO:colcon.colcon_core.shell:Creating environment hook '/home/foxy/krishicobot_ws/install/ebot_navigation/share/ebot_navigation/hook/pythonpath.sh'
[1.138s] Level 1:colcon.colcon_core.environment:checking '/home/foxy/krishicobot_ws/install/ebot_navigation/bin'
[1.138s] Level 1:colcon.colcon_core.environment:create_environment_scripts_only(ebot_navigation)
[1.138s] INFO:colcon.colcon_core.shell:Creating package script '/home/foxy/krishicobot_ws/install/ebot_navigation/share/ebot_navigation/package.ps1'
[1.140s] INFO:colcon.colcon_core.shell:Creating package descriptor '/home/foxy/krishicobot_ws/install/ebot_navigation/share/ebot_navigation/package.dsv'
[1.140s] INFO:colcon.colcon_core.shell:Creating package script '/home/foxy/krishicobot_ws/install/ebot_navigation/share/ebot_navigation/package.sh'
[1.141s] INFO:colcon.colcon_core.shell:Creating package script '/home/foxy/krishicobot_ws/install/ebot_navigation/share/ebot_navigation/package.bash'
[1.142s] INFO:colcon.colcon_core.shell:Creating package script '/home/foxy/krishicobot_ws/install/ebot_navigation/share/ebot_navigation/package.zsh'
[1.143s] Level 1:colcon.colcon_core.environment:create_file_with_runtime_dependencies(/home/foxy/krishicobot_ws/install/ebot_navigation/share/colcon-core/packages/ebot_navigation)
[1.144s] Level 1:colcon.colcon_core.environment:checking '/home/foxy/krishicobot_ws/install/ur5_control' for CMake module files
[1.145s] Level 1:colcon.colcon_core.environment:checking '/home/foxy/krishicobot_ws/install/ur5_control' for CMake config files
[1.145s] DEBUG:colcon.colcon_core.event_handler.log_command:Invoked command in '/home/foxy/krishicobot_ws/src/ur5_control' returned '0': PYTHONPATH=/home/foxy/krishicobot_ws/build/ur5_control/prefix_override:/usr/lib/python3/dist-packages/colcon_core/task/python/colcon_distutils_commands:/home/foxy/krishicobot_ws/install/ur5_control/lib/python3.10/site-packages:${PYTHONPATH} /usr/bin/python3 -W ignore:setup.py install is deprecated -W ignore:easy_install command is deprecated setup.py egg_info --egg-base ../../build/ur5_control build --build-base /home/foxy/krishicobot_ws/build/ur5_control/build install --record /home/foxy/krishicobot_ws/build/ur5_control/install.log --single-version-externally-managed install_data
[1.145s] Level 1:colcon.colcon_core.environment:checking '/home/foxy/krishicobot_ws/install/ur5_control/lib'
[1.145s] Level 1:colcon.colcon_core.environment:checking '/home/foxy/krishicobot_ws/install/ur5_control/bin'
[1.146s] Level 1:colcon.colcon_core.environment:checking '/home/foxy/krishicobot_ws/install/ur5_control/lib/pkgconfig/ur5_control.pc'
[1.146s] Level 1:colcon.colcon_core.environment:checking '/home/foxy/krishicobot_ws/install/ur5_control/lib/python3.10/site-packages'
[1.146s] Level 1:colcon.colcon_core.shell:create_environment_hook('ur5_control', 'pythonpath')
[1.146s] INFO:colcon.colcon_core.shell:Creating environment hook '/home/foxy/krishicobot_ws/install/ur5_control/share/ur5_control/hook/pythonpath.ps1'
[1.147s] INFO:colcon.colcon_core.shell:Creating environment descriptor '/home/foxy/krishicobot_ws/install/ur5_control/share/ur5_control/hook/pythonpath.dsv'
[1.147s] INFO:colcon.colcon_core.shell:Creating environment hook '/home/foxy/krishicobot_ws/install/ur5_control/share/ur5_control/hook/pythonpath.sh'
[1.147s] Level 1:colcon.colcon_core.environment:checking '/home/foxy/krishicobot_ws/install/ur5_control/bin'
[1.148s] Level 1:colcon.colcon_core.environment:create_environment_scripts_only(ur5_control)
[1.148s] INFO:colcon.colcon_core.shell:Creating package script '/home/foxy/krishicobot_ws/install/ur5_control/share/ur5_control/package.ps1'
[1.148s] INFO:colcon.colcon_core.shell:Creating package descriptor '/home/foxy/krishicobot_ws/install/ur5_control/share/ur5_control/package.dsv'
[1.149s] INFO:colcon.colcon_core.shell:Creating package script '/home/foxy/krishicobot_ws/install/ur5_control/share/ur5_control/package.sh'
[1.149s] INFO:colcon.colcon_core.shell:Creating package script '/home/foxy/krishicobot_ws/install/ur5_control/share/ur5_control/package.bash'
[1.150s] INFO:colcon.colcon_core.shell:Creating package script '/home/foxy/krishicobot_ws/install/ur5_control/share/ur5_control/package.zsh'
[1.150s] Level 1:colcon.colcon_core.environment:create_file_with_runtime_dependencies(/home/foxy/krishicobot_ws/install/ur5_control/share/colcon-core/packages/ur5_control)
[1.159s] Level 1:colcon.colcon_core.environment:checking '/home/foxy/krishicobot_ws/install/farm_comm' for CMake module files
[1.159s] DEBUG:colcon.colcon_core.event_handler.log_command:Invoked command in '/home/foxy/krishicobot_ws/src/farm_comm' returned '0': PYTHONPATH=/home/foxy/krishicobot_ws/build/farm_comm/prefix_override:/usr/lib/python3/dist-packages/colcon_core/task/python/colcon_distutils_commands:/home/foxy/krishicobot_ws/install/farm_comm/lib/python3.10/site-packages:${PYTHONPATH} /usr/bin/python3 -W ignore:setup.py install is deprecated -W ignore:easy_install command is deprecated setup.py egg_info --egg-base ../../build/farm_comm build --build-base /home/foxy/krishicobot_ws/build/farm_comm/build install --record /home/foxy/krishicobot_ws/build/farm_comm/install.log --single-version-externally-managed install_data
[1.159s] Level 1:colcon.colcon_core.environment:checking '/home/foxy/krishicobot_ws/install/farm_comm' for CMake config files
[1.160s] Level 1:colcon.colcon_core.environment:checking '/home/foxy/krishicobot_ws/install/farm_comm/lib'
[1.160s] Level 1:colcon.colcon_core.environment:checking '/home/foxy/krishicobot_ws/install/farm_comm/bin'
[1.160s] Level 1:colcon.colcon_core.environment:checking '/home/foxy/krishicobot_ws/install/farm_comm/lib/pkgconfig/farm_comm.pc'
[1.160s] Level 1:colcon.colcon_core.environment:checking '/home/foxy/krishicobot_ws/install/farm_comm/lib/python3.10/site-packages'
[1.160s] Level 1:colcon.colcon_core.shell:create_environment_hook('farm_comm', 'pythonpath')
[1.160s] INFO:colcon.colcon_core.shell:Creating environment hook '/home/foxy/krishicobot_ws/install/farm_comm/share/farm_comm/hook/pythonpath.ps1'
[1.160s] INFO:colcon.colcon_core.shell:Creating environment descriptor '/home/foxy/krishicobot_ws/install/farm_comm/share/farm_comm/hook/pythonpath.dsv'
[1.160s] INFO:colcon.colcon_core.shell:Creating environment hook '/home/foxy/krishicobot_ws/install/farm_comm/share/farm_comm/hook/pythonpath.sh'
[1.161s] Level 1:colcon.colcon_core.environment:checking '/home/foxy/krishicobot_ws/install/farm_comm/bin'
[1.161s] Level 1:colcon.colcon_core.environment:create_environment_scripts_only(farm_comm)
[1.161s] INFO:colcon.colcon_core.shell:Creating package script '/home/foxy/krishicobot_ws/install/farm_comm/share/farm_comm/package.ps1'
[1.161s] INFO:colcon.colcon_core.shell:Creating package descriptor '/home/foxy/krishicobot_ws/install/farm_comm/share/farm_comm/package.dsv'
[1.161s] INFO:colcon.colcon_core.shell:Creating package script '/home/foxy/krishicobot_ws/install/farm_comm/share/farm_comm/package.sh'
[1.162s] INFO:colcon.colcon_core.shell:Creating package script '/home/foxy/krishicobot_ws/install/farm_comm/share/farm_comm/package.bash'
[1.162s] INFO:colcon.colcon_core.shell:Creating package script '/home/foxy/krishicobot_ws/install/farm_comm/share/farm_comm/package.zsh'
[1.162s] Level 1:colcon.colcon_core.environment:create_file_with_runtime_dependencies(/home/foxy/krishicobot_ws/install/farm_comm/share/colcon-core/packages/farm_comm)
[1.162s] DEBUG:colcon.colcon_parallel_executor.executor.parallel:closing loop
[1.162s] DEBUG:colcon.colcon_parallel_executor.executor.parallel:loop closed
[1.162s] DEBUG:colcon.colcon_parallel_executor.executor.parallel:run_until_complete finished with '0'
[1.162s] DEBUG:colcon.colcon_core.event_reactor:joining thread
[1.166s] INFO:colcon.colcon_core.plugin_system:Skipping extension 'colcon_notification.desktop_notification.terminal_notifier': Not used on non-Darwin systems
[1.166s] INFO:colcon.colcon_core.plugin_system:Skipping extension 'colcon_notification.desktop_notification.win32': Not used on non-Windows systems
[1.166s] INFO:colcon.colcon_notification.desktop_notification:Sending desktop notification using 'notify2'
[1.173s] DEBUG:colcon.colcon_core.event_reactor:joined thread
[1.174s] INFO:colcon.colcon_core.shell:Creating prefix script '/home/foxy/krishicobot_ws/install/local_setup.ps1'
[1.175s] INFO:colcon.colcon_core.shell:Creating prefix util module '/home/foxy/krishicobot_ws/install/_local_setup_util_ps1.py'
[1.175s] INFO:colcon.colcon_core.shell:Creating prefix chain script '/home/foxy/krishicobot_ws/install/setup.ps1'
[1.176s] INFO:colcon.colcon_core.shell:Creating prefix script '/home/foxy/krishicobot_ws/install/local_setup.sh'
[1.176s] INFO:colcon.colcon_core.shell:Creating prefix util module '/home/foxy/krishicobot_ws/install/_local_setup_util_sh.py'
[1.177s] INFO:colcon.colcon_core.shell:Creating prefix chain script '/home/foxy/krishicobot_ws/install/setup.sh'
[1.177s] INFO:colcon.colcon_core.shell:Creating prefix script '/home/foxy/krishicobot_ws/install/local_setup.bash'
[1.178s] INFO:colcon.colcon_core.shell:Creating prefix chain script '/home/foxy/krishicobot_ws/install/setup.bash'
[1.179s] INFO:colcon.colcon_core.shell:Creating prefix script '/home/foxy/krishicobot_ws/install/local_setup.zsh'
[1.179s] INFO:colcon.colcon_core.shell:Creating prefix chain script '/home/foxy/krishicobot_ws/install/setup.zsh'
