[0.904s] Invoking command in '/home/foxy/krishicobot_ws/src/ur5_control': PYTHONPATH=/home/foxy/krishicobot_ws/build/ur5_control/prefix_override:/usr/lib/python3/dist-packages/colcon_core/task/python/colcon_distutils_commands:/home/foxy/krishicobot_ws/install/ur5_control/lib/python3.10/site-packages:${PYTHONPATH} /usr/bin/python3 -W ignore:setup.py install is deprecated -W ignore:easy_install command is deprecated setup.py egg_info --egg-base ../../build/ur5_control build --build-base /home/foxy/krishicobot_ws/build/ur5_control/build install --record /home/foxy/krishicobot_ws/build/ur5_control/install.log --single-version-externally-managed install_data
[1.052s] running egg_info
[1.053s] creating ../../build/ur5_control/ur5_control.egg-info
[1.053s] writing ../../build/ur5_control/ur5_control.egg-info/PKG-INFO
[1.053s] writing dependency_links to ../../build/ur5_control/ur5_control.egg-info/dependency_links.txt
[1.053s] writing entry points to ../../build/ur5_control/ur5_control.egg-info/entry_points.txt
[1.053s] writing requirements to ../../build/ur5_control/ur5_control.egg-info/requires.txt
[1.053s] writing top-level names to ../../build/ur5_control/ur5_control.egg-info/top_level.txt
[1.053s] writing manifest file '../../build/ur5_control/ur5_control.egg-info/SOURCES.txt'
[1.054s] reading manifest file '../../build/ur5_control/ur5_control.egg-info/SOURCES.txt'
[1.054s] writing manifest file '../../build/ur5_control/ur5_control.egg-info/SOURCES.txt'
[1.054s] running build
[1.054s] running build_py
[1.054s] creating /home/foxy/krishicobot_ws/build/ur5_control/build
[1.054s] creating /home/foxy/krishicobot_ws/build/ur5_control/build/lib
[1.055s] creating /home/foxy/krishicobot_ws/build/ur5_control/build/lib/ur5_control
[1.055s] copying ur5_control/ur5_node.py -> /home/foxy/krishicobot_ws/build/ur5_control/build/lib/ur5_control
[1.055s] copying ur5_control/__init__.py -> /home/foxy/krishicobot_ws/build/ur5_control/build/lib/ur5_control
[1.055s] running install
[1.056s] running install_lib
[1.056s] creating /home/foxy/krishicobot_ws/install/ur5_control/lib/python3.10/site-packages/ur5_control
[1.056s] copying /home/foxy/krishicobot_ws/build/ur5_control/build/lib/ur5_control/ur5_node.py -> /home/foxy/krishicobot_ws/install/ur5_control/lib/python3.10/site-packages/ur5_control
[1.056s] copying /home/foxy/krishicobot_ws/build/ur5_control/build/lib/ur5_control/__init__.py -> /home/foxy/krishicobot_ws/install/ur5_control/lib/python3.10/site-packages/ur5_control
[1.056s] byte-compiling /home/foxy/krishicobot_ws/install/ur5_control/lib/python3.10/site-packages/ur5_control/ur5_node.py to ur5_node.cpython-310.pyc
[1.057s] byte-compiling /home/foxy/krishicobot_ws/install/ur5_control/lib/python3.10/site-packages/ur5_control/__init__.py to __init__.cpython-310.pyc
[1.057s] running install_data
[1.057s] creating /home/foxy/krishicobot_ws/install/ur5_control/share/ament_index
[1.057s] creating /home/foxy/krishicobot_ws/install/ur5_control/share/ament_index/resource_index
[1.057s] creating /home/foxy/krishicobot_ws/install/ur5_control/share/ament_index/resource_index/packages
[1.057s] copying resource/ur5_control -> /home/foxy/krishicobot_ws/install/ur5_control/share/ament_index/resource_index/packages
[1.057s] copying package.xml -> /home/foxy/krishicobot_ws/install/ur5_control/share/ur5_control
[1.057s] running install_egg_info
[1.058s] Copying ../../build/ur5_control/ur5_control.egg-info to /home/foxy/krishicobot_ws/install/ur5_control/lib/python3.10/site-packages/ur5_control-0.0.0-py3.10.egg-info
[1.058s] running install_scripts
[1.071s] Installing ur5_node script to /home/foxy/krishicobot_ws/install/ur5_control/lib/ur5_control
[1.071s] writing list of installed files to '/home/foxy/krishicobot_ws/build/ur5_control/install.log'
[1.099s] Invoked command in '/home/foxy/krishicobot_ws/src/ur5_control' returned '0': PYTHONPATH=/home/foxy/krishicobot_ws/build/ur5_control/prefix_override:/usr/lib/python3/dist-packages/colcon_core/task/python/colcon_distutils_commands:/home/foxy/krishicobot_ws/install/ur5_control/lib/python3.10/site-packages:${PYTHONPATH} /usr/bin/python3 -W ignore:setup.py install is deprecated -W ignore:easy_install command is deprecated setup.py egg_info --egg-base ../../build/ur5_control build --build-base /home/foxy/krishicobot_ws/build/ur5_control/build install --record /home/foxy/krishicobot_ws/build/ur5_control/install.log --single-version-externally-managed install_data
