[0.700s] Invoking command in '/home/foxy/krishicobot_ws/src/ur5_control': PYTHONPATH=/home/foxy/krishicobot_ws/build/ur5_control/prefix_override:/usr/lib/python3/dist-packages/colcon_core/task/python/colcon_distutils_commands:/home/foxy/krishicobot_ws/install/ur5_control/lib/python3.10/site-packages:${PYTHONPATH} /usr/bin/python3 -W ignore:setup.py install is deprecated -W ignore:easy_install command is deprecated setup.py egg_info --egg-base ../../build/ur5_control build --build-base /home/foxy/krishicobot_ws/build/ur5_control/build install --record /home/foxy/krishicobot_ws/build/ur5_control/install.log --single-version-externally-managed install_data
[0.850s] running egg_info
[0.850s] writing ../../build/ur5_control/ur5_control.egg-info/PKG-INFO
[0.850s] writing dependency_links to ../../build/ur5_control/ur5_control.egg-info/dependency_links.txt
[0.850s] writing entry points to ../../build/ur5_control/ur5_control.egg-info/entry_points.txt
[0.850s] writing requirements to ../../build/ur5_control/ur5_control.egg-info/requires.txt
[0.850s] writing top-level names to ../../build/ur5_control/ur5_control.egg-info/top_level.txt
[0.852s] reading manifest file '../../build/ur5_control/ur5_control.egg-info/SOURCES.txt'
[0.852s] writing manifest file '../../build/ur5_control/ur5_control.egg-info/SOURCES.txt'
[0.852s] running build
[0.852s] running build_py
[0.852s] copying ur5_control/ur5_node.py -> /home/foxy/krishicobot_ws/build/ur5_control/build/lib/ur5_control
[0.852s] running install
[0.852s] running install_lib
[0.853s] copying /home/foxy/krishicobot_ws/build/ur5_control/build/lib/ur5_control/ur5_node.py -> /home/foxy/krishicobot_ws/install/ur5_control/lib/python3.10/site-packages/ur5_control
[0.853s] byte-compiling /home/foxy/krishicobot_ws/install/ur5_control/lib/python3.10/site-packages/ur5_control/ur5_node.py to ur5_node.cpython-310.pyc
[0.854s] running install_data
[0.854s] running install_egg_info
[0.855s] removing '/home/foxy/krishicobot_ws/install/ur5_control/lib/python3.10/site-packages/ur5_control-0.0.0-py3.10.egg-info' (and everything under it)
[0.855s] Copying ../../build/ur5_control/ur5_control.egg-info to /home/foxy/krishicobot_ws/install/ur5_control/lib/python3.10/site-packages/ur5_control-0.0.0-py3.10.egg-info
[0.855s] running install_scripts
[0.869s] Installing ur5_node script to /home/foxy/krishicobot_ws/install/ur5_control/lib/ur5_control
[0.869s] writing list of installed files to '/home/foxy/krishicobot_ws/build/ur5_control/install.log'
[0.892s] Invoked command in '/home/foxy/krishicobot_ws/src/ur5_control' returned '0': PYTHONPATH=/home/foxy/krishicobot_ws/build/ur5_control/prefix_override:/usr/lib/python3/dist-packages/colcon_core/task/python/colcon_distutils_commands:/home/foxy/krishicobot_ws/install/ur5_control/lib/python3.10/site-packages:${PYTHONPATH} /usr/bin/python3 -W ignore:setup.py install is deprecated -W ignore:easy_install command is deprecated setup.py egg_info --egg-base ../../build/ur5_control build --build-base /home/foxy/krishicobot_ws/build/ur5_control/build install --record /home/foxy/krishicobot_ws/build/ur5_control/install.log --single-version-externally-managed install_data
