[0.752s] Invoking command in '/home/foxy/krishicobot_ws/src/farm_comm': PYTHONPATH=/home/foxy/krishicobot_ws/build/farm_comm/prefix_override:/usr/lib/python3/dist-packages/colcon_core/task/python/colcon_distutils_commands:/home/foxy/krishicobot_ws/install/farm_comm/lib/python3.10/site-packages:${PYTHONPATH} /usr/bin/python3 -W ignore:setup.py install is deprecated -W ignore:easy_install command is deprecated setup.py egg_info --egg-base ../../build/farm_comm build --build-base /home/foxy/krishicobot_ws/build/farm_comm/build install --record /home/foxy/krishicobot_ws/build/farm_comm/install.log --single-version-externally-managed install_data
[0.910s] running egg_info
[0.911s] writing ../../build/farm_comm/farm_comm.egg-info/PKG-INFO
[0.911s] writing dependency_links to ../../build/farm_comm/farm_comm.egg-info/dependency_links.txt
[0.911s] writing entry points to ../../build/farm_comm/farm_comm.egg-info/entry_points.txt
[0.911s] writing requirements to ../../build/farm_comm/farm_comm.egg-info/requires.txt
[0.911s] writing top-level names to ../../build/farm_comm/farm_comm.egg-info/top_level.txt
[0.912s] reading manifest file '../../build/farm_comm/farm_comm.egg-info/SOURCES.txt'
[0.913s] writing manifest file '../../build/farm_comm/farm_comm.egg-info/SOURCES.txt'
[0.913s] running build
[0.913s] running build_py
[0.913s] running install
[0.913s] running install_lib
[0.914s] running install_data
[0.914s] creating /home/foxy/krishicobot_ws/install/farm_comm/share/farm_comm/launch
[0.914s] copying launch/comm_bringup.launch.py -> /home/foxy/krishicobot_ws/install/farm_comm/share/farm_comm/launch
[0.914s] running install_egg_info
[0.916s] removing '/home/foxy/krishicobot_ws/install/farm_comm/lib/python3.10/site-packages/farm_comm-0.0.0-py3.10.egg-info' (and everything under it)
[0.916s] Copying ../../build/farm_comm/farm_comm.egg-info to /home/foxy/krishicobot_ws/install/farm_comm/lib/python3.10/site-packages/farm_comm-0.0.0-py3.10.egg-info
[0.916s] running install_scripts
[0.932s] Installing comm_node script to /home/foxy/krishicobot_ws/install/farm_comm/lib/farm_comm
[0.932s] writing list of installed files to '/home/foxy/krishicobot_ws/build/farm_comm/install.log'
[0.946s] Invoked command in '/home/foxy/krishicobot_ws/src/farm_comm' returned '0': PYTHONPATH=/home/foxy/krishicobot_ws/build/farm_comm/prefix_override:/usr/lib/python3/dist-packages/colcon_core/task/python/colcon_distutils_commands:/home/foxy/krishicobot_ws/install/farm_comm/lib/python3.10/site-packages:${PYTHONPATH} /usr/bin/python3 -W ignore:setup.py install is deprecated -W ignore:easy_install command is deprecated setup.py egg_info --egg-base ../../build/farm_comm build --build-base /home/foxy/krishicobot_ws/build/farm_comm/build install --record /home/foxy/krishicobot_ws/build/farm_comm/install.log --single-version-externally-managed install_data
